c:\users\student\desktop\lab1.1\lab1\debug\vc142.pdb
c:\users\student\desktop\lab1.1\lab1\debug\vc142.idb
c:\users\student\desktop\lab1.1\lab1\debug\l1.obj
c:\users\student\desktop\lab1.1\lab1\debug\l1c.res
c:\users\i\desktop\системное программирование\lab1.1(1)\lab1\debug\l1.obj
c:\users\i\desktop\системное программирование\lab1.1(1)\lab1\debug\l1c.ilk
c:\users\i\desktop\системное программирование\lab1.1(1)\lab1\debug\l1c.res
c:\users\i\desktop\системное программирование\lab1.1(1)\lab1\debug\vc142.idb
c:\users\i\desktop\системное программирование\lab1.1(1)\lab1\debug\l1c.pdb
c:\users\i\desktop\системное программирование\lab1.1(1)\lab1\debug\vc142.pdb
c:\users\i\desktop\системное программирование\lab1.1(1)\lab1\debug\l1c.exe
c:\users\i\desktop\системное программирование\lab1.1(1)\lab1\debug\l1c.tlog\cl.command.1.tlog
c:\users\i\desktop\системное программирование\lab1.1(1)\lab1\debug\l1c.tlog\cl.read.1.tlog
c:\users\i\desktop\системное программирование\lab1.1(1)\lab1\debug\l1c.tlog\cl.write.1.tlog
c:\users\i\desktop\системное программирование\lab1.1(1)\lab1\debug\l1c.tlog\link.command.1.tlog
c:\users\i\desktop\системное программирование\lab1.1(1)\lab1\debug\l1c.tlog\link.read.1.tlog
c:\users\i\desktop\системное программирование\lab1.1(1)\lab1\debug\l1c.tlog\link.write.1.tlog
c:\users\i\desktop\системное программирование\lab1.1(1)\lab1\debug\l1c.tlog\rc.command.1.tlog
c:\users\i\desktop\системное программирование\lab1.1(1)\lab1\debug\l1c.tlog\rc.read.1.tlog
c:\users\i\desktop\системное программирование\lab1.1(1)\lab1\debug\l1c.tlog\rc.write.1.tlog
