c:\users\i\desktop\системное программирование\sysprog-labs-main\sysprog-lab2\message\debug\message.pch
c:\users\i\desktop\системное программирование\sysprog-labs-main\sysprog-lab2\message\debug\vc142.pdb
c:\users\i\desktop\системное программирование\sysprog-labs-main\sysprog-lab2\message\debug\vc142.idb
c:\users\i\desktop\системное программирование\sysprog-labs-main\sysprog-lab2\message\debug\pch.obj
c:\users\i\desktop\системное программирование\sysprog-labs-main\sysprog-lab2\message\debug\message.obj
c:\users\i\desktop\системное программирование\lab2.1\message\debug\message.pch
c:\users\i\desktop\системное программирование\lab2.1\message\debug\vc142.pdb
c:\users\i\desktop\системное программирование\lab2.1\message\debug\vc142.idb
c:\users\i\desktop\системное программирование\lab2.1\message\debug\pch.obj
c:\users\i\desktop\системное программирование\lab2.1\message\debug\message.obj
c:\users\i\desktop\системное программирование\sysprog-labs-main\sysprog-lab2\debug\message.ilk
c:\users\i\desktop\системное программирование\sysprog-labs-main\sysprog-lab2\debug\message.dll
c:\users\i\desktop\системное программирование\sysprog-labs-main\sysprog-lab2\debug\message.pdb
c:\users\i\desktop\системное программирование\lab2.1\debug\message.dll
c:\users\i\desktop\системное программирование\lab2.1\debug\message.ilk
c:\users\i\desktop\системное программирование\lab2.1\debug\message.pdb
c:\users\i\desktop\системное программирование\sysprog-labs-main\sysprog-lab2\debug\message.lib
c:\users\i\desktop\системное программирование\sysprog-labs-main\sysprog-lab2\debug\message.exp
c:\users\i\desktop\системное программирование\lab2.1\debug\message.lib
c:\users\i\desktop\системное программирование\lab2.1\debug\message.exp
c:\users\i\desktop\системное программирование\sysprog-labs-main\sysprog-lab2\message\debug\message.res
c:\users\i\desktop\системное программирование\lab2.1\message\debug\message.res
c:\users\i\desktop\системное программирование\lab2.1\message\debug\message.tlog\cl.command.1.tlog
c:\users\i\desktop\системное программирование\lab2.1\message\debug\message.tlog\cl.read.1.tlog
c:\users\i\desktop\системное программирование\lab2.1\message\debug\message.tlog\cl.write.1.tlog
c:\users\i\desktop\системное программирование\lab2.1\message\debug\message.tlog\link.command.1.tlog
c:\users\i\desktop\системное программирование\lab2.1\message\debug\message.tlog\link.read.1.tlog
c:\users\i\desktop\системное программирование\lab2.1\message\debug\message.tlog\link.write.1.tlog
c:\users\i\desktop\системное программирование\lab2.1\message\debug\message.tlog\message.write.1u.tlog
c:\users\i\desktop\системное программирование\lab2.1\message\debug\message.tlog\rc.command.1.tlog
c:\users\i\desktop\системное программирование\lab2.1\message\debug\message.tlog\rc.read.1.tlog
c:\users\i\desktop\системное программирование\lab2.1\message\debug\message.tlog\rc.write.1.tlog
